============================= test session starts ==============================
platform linux -- Python 3.12.3, pytest-9.0.2, pluggy-1.6.0 -- /home/riccardomani/Documenti/università/SWE/project-PoC-Test/sam_local_backend/venv/bin/python3
cachedir: .pytest_cache
rootdir: /home/riccardomani/Documenti/università/SWE/project-PoC-Test/sam_local_backend
plugins: cov-7.1.0
collecting ... collected 4 items

tests/unit/test_crud_trusted_contacts.py::test_add_contact PASSED
tests/unit/test_crud_trusted_contacts.py::test_delete_contact PASSED
tests/unit/test_crud_trusted_contacts.py::test_delete_contact_Failed PASSED
tests/unit/test_handler.py::test_lambda_handler PASSED
WARNING: Failed to generate report: No data to report.



- generated xml file: /home/riccardomani/Documenti/università/SWE/project-PoC-Test/sam_local_backend/pytest.xml -
============================== 4 passed in 2.01s ===============================
