============================= test session starts ==============================
platform linux -- Python 3.12.3, pytest-9.0.2, pluggy-1.6.0
rootdir: /home/riccardomani/Documenti/università/SWE/project-PoC-Test/sam_local_backend
plugins: pyfakefs-5.9.3, cov-7.1.0
collected 4 items

tests/unit/test_handler.py FFF.                                          [100%]

=================================== FAILURES ===================================
____________________________ test_get_contact_found ____________________________

setUp_mock_dynamo = dynamodb.Table(name='test-table')

    def test_get_contact_found(setUp_mock_dynamo):
        event = _make_event()
>       result = get_contact(setUp_mock_dynamo, event)
                 ^^^^^^^^^^^^^^^^^^^^^^^^^^^^^^^^^^^^^

tests/unit/test_handler.py:62: 
_ _ _ _ _ _ _ _ _ _ _ _ _ _ _ _ _ _ _ _ _ _ _ _ _ _ _ _ _ _ _ _ _ _ _ _ _ _ _ _ 

table = dynamodb.Table(name='test-table')
event = {'pathParameters': {'contact_id': 'b3ec560b-c87c-48a8-8509-08addc0e1649'}, 'requestContext': {'authorizer': {'jwt': {'claims': {'sub': 'd11372c1-dd92-41f0-8bad-58a7ec262599'}}}}, 'routeKey': 'GET /contacts/{contact_id}'}

    def get_contact(table, event):
        contact_id = event["pathParameters"]["contact_id"]
        response = table.get_item(
            Key={
                "user_id": event["requestContext"]["authorizer"]["jwt"]["claims"]["sub"],
                "contact_id": contact_id
            }
        )
        item = response.get("Item")
        if not item:
            return response(404, {"msg": "Not found"})
>       return response(200, item)
               ^^^^^^^^^^^^^^^^^^^
E       TypeError: 'dict' object is not callable

src/hello_world/app.py:23: TypeError
__________________________ test_get_contact_not_found __________________________

setUp_mock_dynamo = dynamodb.Table(name='test-table')

    def test_get_contact_not_found(setUp_mock_dynamo):
        event = _make_event(contact_id=str(uuid4()))  # id che non esiste
>       result = get_contact(setUp_mock_dynamo, event)
                 ^^^^^^^^^^^^^^^^^^^^^^^^^^^^^^^^^^^^^

tests/unit/test_handler.py:70: 
_ _ _ _ _ _ _ _ _ _ _ _ _ _ _ _ _ _ _ _ _ _ _ _ _ _ _ _ _ _ _ _ _ _ _ _ _ _ _ _ 

table = dynamodb.Table(name='test-table')
event = {'pathParameters': {'contact_id': '237c411e-ba67-42cc-b775-8a32d0acd095'}, 'requestContext': {'authorizer': {'jwt': {'claims': {'sub': 'd11372c1-dd92-41f0-8bad-58a7ec262599'}}}}, 'routeKey': 'GET /contacts/{contact_id}'}

    def get_contact(table, event):
        contact_id = event["pathParameters"]["contact_id"]
        response = table.get_item(
            Key={
                "user_id": event["requestContext"]["authorizer"]["jwt"]["claims"]["sub"],
                "contact_id": contact_id
            }
        )
        item = response.get("Item")
        if not item:
>           return response(404, {"msg": "Not found"})
                   ^^^^^^^^^^^^^^^^^^^^^^^^^^^^^^^^^^^
E           TypeError: 'dict' object is not callable

src/hello_world/app.py:22: TypeError
_______________________ test_lambda_handler_get_contact ________________________

setUp_mock_dynamo = dynamodb.Table(name='test-table')

    def test_lambda_handler_get_contact(setUp_mock_dynamo):
        event = _make_event()
>       result = lambda_handler(event, {})
                 ^^^^^^^^^^^^^^^^^^^^^^^^^

tests/unit/test_handler.py:80: 
_ _ _ _ _ _ _ _ _ _ _ _ _ _ _ _ _ _ _ _ _ _ _ _ _ _ _ _ _ _ _ _ _ _ _ _ _ _ _ _ 
src/hello_world/app.py:30: in lambda_handler
    return get_contact(table, event)
           ^^^^^^^^^^^^^^^^^^^^^^^^^
_ _ _ _ _ _ _ _ _ _ _ _ _ _ _ _ _ _ _ _ _ _ _ _ _ _ _ _ _ _ _ _ _ _ _ _ _ _ _ _ 

table = dynamodb.Table(name='test-table')
event = {'pathParameters': {'contact_id': 'b3ec560b-c87c-48a8-8509-08addc0e1649'}, 'requestContext': {'authorizer': {'jwt': {'claims': {'sub': 'd11372c1-dd92-41f0-8bad-58a7ec262599'}}}}, 'routeKey': 'GET /contacts/{contact_id}'}

    def get_contact(table, event):
        contact_id = event["pathParameters"]["contact_id"]
        response = table.get_item(
            Key={
                "user_id": event["requestContext"]["authorizer"]["jwt"]["claims"]["sub"],
                "contact_id": contact_id
            }
        )
        item = response.get("Item")
        if not item:
            return response(404, {"msg": "Not found"})
>       return response(200, item)
               ^^^^^^^^^^^^^^^^^^^
E       TypeError: 'dict' object is not callable

src/hello_world/app.py:23: TypeError
- generated xml file: /home/riccardomani/Documenti/università/SWE/project-PoC-Test/sam_local_backend/pytest.xml -
================================ tests coverage ================================
_______________ coverage: platform linux, python 3.12.3-final-0 ________________

Name                          Stmts   Miss  Cover   Missing
-----------------------------------------------------------
src/hello_world/__init__.py       0      0   100%
src/hello_world/app.py           17      1    94%   6
-----------------------------------------------------------
TOTAL                            17      1    94%
Coverage XML written to file coverage.xml
=========================== short test summary info ============================
FAILED tests/unit/test_handler.py::test_get_contact_found - TypeError: 'dict'...
FAILED tests/unit/test_handler.py::test_get_contact_not_found - TypeError: 'd...
FAILED tests/unit/test_handler.py::test_lambda_handler_get_contact - TypeErro...
========================= 3 failed, 1 passed in 2.38s ==========================
