<?xml version="1.0" encoding="utf-8"?><testsuites name="pytest tests"><testsuite name="pytest" errors="0" failures="0" skipped="0" tests="4" time="2.010" timestamp="2026-03-22T20:39:37.327711+01:00" hostname="riccardomani-ThinkPad-T14-Gen-1"><testcase classname="tests.unit.test_crud_trusted_contacts" name="test_add_contact" time="0.374" /><testcase classname="tests.unit.test_crud_trusted_contacts" name="test_delete_contact" time="0.148" /><testcase classname="tests.unit.test_crud_trusted_contacts" name="test_delete_contact_Failed" time="0.129" /><testcase classname="tests.unit.test_handler" name="test_lambda_handler" time="0.001" /></testsuite></testsuites>