<?xml version="1.0" encoding="utf-8"?><testsuites name="pytest tests"><testsuite name="pytest" errors="0" failures="0" skipped="0" tests="4" time="2.006" timestamp="2026-03-22T19:25:16.834981+01:00" hostname="riccardomani-ThinkPad-T14-Gen-1"><testcase classname="tests.unit.test_crud_trusted_contacts" name="test_add_contact" time="0.370" /><testcase classname="tests.unit.test_crud_trusted_contacts" name="test_delete_contact" time="0.158" /><testcase classname="tests.unit.test_crud_trusted_contacts" name="test_delete_contact_Failed" time="0.126" /><testcase classname="tests.unit.test_handler" name="test_lambda_handler" time="0.001" /></testsuite></testsuites>